<?xml version="1.0" encoding="UTF-8"?>
<testng-results ignored="0" total="1" passed="1" failed="0" skipped="0">
  <reporter-output>
  </reporter-output>
  <suite started-at="2022-06-13T02:51:57 EET" name="E2E TEST USER Ecommerce" finished-at="2022-06-13T02:52:00 EET" duration-ms="3247">
    <groups>
    </groups>
    <test started-at="2022-06-13T02:51:57 EET" name="Test" finished-at="2022-06-13T02:52:00 EET" duration-ms="3247">
      <class name="TestCases.E2ETest">
        <test-method is-config="true" signature="StartDriver()[pri:0, instance:TestCases.E2ETest@4659191b]" started-at="2022-06-13T02:51:52 EET" name="StartDriver" finished-at="2022-06-13T02:51:57 EET" duration-ms="4644" status="PASS">
          <reporter-output>
          </reporter-output>
        </test-method> <!-- StartDriver -->
        <test-method signature="UserWorkFlowEcommerce()[pri:0, instance:TestCases.E2ETest@4659191b]" started-at="2022-06-13T02:51:57 EET" name="UserWorkFlowEcommerce" finished-at="2022-06-13T02:52:00 EET" duration-ms="3148" status="PASS">
          <reporter-output>
          </reporter-output>
        </test-method> <!-- UserWorkFlowEcommerce -->
        <test-method is-config="true" signature="TakeScreenShot(org.testng.ITestResult)[pri:0, instance:TestCases.E2ETest@4659191b]" started-at="2022-06-13T02:52:00 EET" name="TakeScreenShot" finished-at="2022-06-13T02:52:00 EET" duration-ms="3" status="PASS">
          <params>
            <param index="0">
              <value>
                <![CDATA[[TestResult name=UserWorkFlowEcommerce status=SUCCESS method=E2ETest.UserWorkFlowEcommerce()[pri:0, instance:TestCases.E2ETest@4659191b] output={null}]]]>
              </value>
            </param>
          </params>
          <reporter-output>
          </reporter-output>
        </test-method> <!-- TakeScreenShot -->
        <test-method is-config="true" signature="StopDriver()[pri:0, instance:TestCases.E2ETest@4659191b]" started-at="2022-06-13T02:52:00 EET" name="StopDriver" finished-at="2022-06-13T02:52:00 EET" duration-ms="181" status="PASS">
          <reporter-output>
          </reporter-output>
        </test-method> <!-- StopDriver -->
      </class> <!-- TestCases.E2ETest -->
    </test> <!-- Test -->
  </suite> <!-- E2E TEST USER Ecommerce -->
</testng-results>
